<?xml version="1.0" encoding="UTF-8"?>
<testng-results ignored="0" total="1" passed="1" failed="0" skipped="0">
  <reporter-output>
  </reporter-output>
  <suite started-at="2021-04-18T19:45:51 IST" name="Default suite" finished-at="2021-04-18T19:46:00 IST" duration-ms="9248">
    <groups>
    </groups>
    <test started-at="2021-04-18T19:45:51 IST" name="Default test" finished-at="2021-04-18T19:46:00 IST" duration-ms="9248">
      <class name="frameWork.UtilFile.TestPostFrameWork">
        <test-method is-config="true" signature="voideSetup()[pri:0, instance:frameWork.UtilFile.TestPostFrameWork@7671cb68]" started-at="2021-04-18T19:45:51 IST" name="voideSetup" finished-at="2021-04-18T19:45:51 IST" duration-ms="38" status="PASS">
          <reporter-output>
          </reporter-output>
        </test-method> <!-- voideSetup -->
        <test-method signature="postUserDetails()[pri:0, instance:frameWork.UtilFile.TestPostFrameWork@7671cb68]" started-at="2021-04-18T19:45:51 IST" name="postUserDetails" finished-at="2021-04-18T19:46:00 IST" duration-ms="9124" status="PASS">
          <reporter-output>
          </reporter-output>
        </test-method> <!-- postUserDetails -->
      </class> <!-- frameWork.UtilFile.TestPostFrameWork -->
    </test> <!-- Default test -->
  </suite> <!-- Default suite -->
</testng-results>
